[2024-11-05 18:03:45,036][root][INFO] - ---------------------------------------------------------------
[2024-11-05 18:03:45,037][root][INFO] - Env:
CUDA_VISIBLE_DEVICES: null
PYTHONOPTIMIZE: null

[2024-11-05 18:03:45,038][root][INFO] - Command line args:

[2024-11-05 18:03:45,039][root][INFO] - ---------------------------------------------------------------
[2024-11-05 18:03:45,040][root][INFO] - Run config:
device: '4'
solver_fn: nk.optimizer.solver.cholesky
lr: 0.0001
diag_shift: 1.0e-10
n_iter: 2000
chunk_size_jac: 2
chunk_size_vmap: 1
save_every: 3
base_dir: /scratch/.amisery/grad_sample/
model:
  _target_: grad_sample.models.ising.TFI
  L: 3
  h: 1.0
ansatz:
  _target_: netket.models.RBM
  alpha: 1
task:
  _target_: grad_sample.tasks.fullsum_train.Trainer

[2024-11-05 18:03:45,041][root][INFO] - ---------------------------------------------------------------
[2024-11-05 18:03:47,809][jax._src.xla_bridge][INFO] - Unable to initialize backend 'rocm': module 'jaxlib.xla_extension' has no attribute 'GpuAllocatorConfig'
[2024-11-05 18:03:47,810][jax._src.xla_bridge][INFO] - Unable to initialize backend 'tpu': INTERNAL: Failed to open libtpu.so: libtpu.so: cannot open shared object file: No such file or directory
[2024-11-05 18:03:51,419][root][CRITICAL] - Error in call to target 'grad_sample.tasks.fullsum_train.Trainer':
TypeError("unsupported operand type(s) for +: 'NoneType' and 'str'")
full_key: task
Traceback (most recent call last):
  File "/scratch/.amisery/netket2/lib/python3.10/site-packages/hydra/_internal/instantiate/_instantiate2.py", line 92, in _call_target
    return _target_(*args, **kwargs)
  File "/home/amisery/phd/tfi_gs_samples/grad_sample/src/grad_sample/tasks/fullsum_train.py", line 16, in __init__
    super().__init__(cfg)
  File "/home/amisery/phd/tfi_gs_samples/grad_sample/src/grad_sample/tasks/base.py", line 46, in __init__
    self.output_dir = self.base_path + "/{self.model.name}_{self.model.h}/L{self.model.L}/RBM/alpha{self.model.alpha}/saved_{self.save_every}_{self.diag_exp}"
TypeError: unsupported operand type(s) for +: 'NoneType' and 'str'

The above exception was the direct cause of the following exception:

Traceback (most recent call last):
  File "/home/amisery/phd/tfi_gs_samples/grad_sample/src/grad_sample/main.py", line 49, in main
    task = instantiate(cfg.task, cfg)
  File "/scratch/.amisery/netket2/lib/python3.10/site-packages/hydra/_internal/instantiate/_instantiate2.py", line 226, in instantiate
    return instantiate_node(
  File "/scratch/.amisery/netket2/lib/python3.10/site-packages/hydra/_internal/instantiate/_instantiate2.py", line 347, in instantiate_node
    return _call_target(_target_, partial, args, kwargs, full_key)
  File "/scratch/.amisery/netket2/lib/python3.10/site-packages/hydra/_internal/instantiate/_instantiate2.py", line 97, in _call_target
    raise InstantiationException(msg) from e
hydra.errors.InstantiationException: Error in call to target 'grad_sample.tasks.fullsum_train.Trainer':
TypeError("unsupported operand type(s) for +: 'NoneType' and 'str'")
full_key: task
