[2024-11-05 17:58:23,623][root][INFO] - ---------------------------------------------------------------
[2024-11-05 17:58:23,624][root][INFO] - Env:
CUDA_VISIBLE_DEVICES: null
PYTHONOPTIMIZE: null

[2024-11-05 17:58:23,624][root][INFO] - Command line args:

[2024-11-05 17:58:23,625][root][INFO] - ---------------------------------------------------------------
[2024-11-05 17:58:23,627][root][INFO] - Run config:
device: cuda:4
solver_fn: nk.optimizer.solver.cholesky
lr: 0.0001
diag_shift: 1.0e-10
n_iter: 2000
chunk_size_jac: 2
chunk_size_vmap: 1
base_dir: /scratch/.amisery/grad_sample/
model:
  _target_: grad_sample.model.ising.TFI
  L: 3
  h: 1.0
ansatz:
  _target_: nk.models.RBM
  alpha: 1
task:
  _target_: grad_sample.tasks.fullsum_train.Trainer

[2024-11-05 17:58:23,627][root][INFO] - ---------------------------------------------------------------
[2024-11-05 17:58:26,438][root][CRITICAL] - Error in call to target 'grad_sample.tasks.fullsum_train.Trainer':
TypeError("Trainer.__init__() missing 1 required positional argument: 'cfg'")
full_key: task
Traceback (most recent call last):
  File "/scratch/.amisery/netket2/lib/python3.10/site-packages/hydra/_internal/instantiate/_instantiate2.py", line 92, in _call_target
    return _target_(*args, **kwargs)
TypeError: Trainer.__init__() missing 1 required positional argument: 'cfg'

The above exception was the direct cause of the following exception:

Traceback (most recent call last):
  File "/home/amisery/phd/tfi_gs_samples/grad_sample/src/grad_sample/main.py", line 49, in main
    task = instantiate(cfg.task)
  File "/scratch/.amisery/netket2/lib/python3.10/site-packages/hydra/_internal/instantiate/_instantiate2.py", line 226, in instantiate
    return instantiate_node(
  File "/scratch/.amisery/netket2/lib/python3.10/site-packages/hydra/_internal/instantiate/_instantiate2.py", line 347, in instantiate_node
    return _call_target(_target_, partial, args, kwargs, full_key)
  File "/scratch/.amisery/netket2/lib/python3.10/site-packages/hydra/_internal/instantiate/_instantiate2.py", line 97, in _call_target
    raise InstantiationException(msg) from e
hydra.errors.InstantiationException: Error in call to target 'grad_sample.tasks.fullsum_train.Trainer':
TypeError("Trainer.__init__() missing 1 required positional argument: 'cfg'")
full_key: task
