[2024-11-07 14:08:08,578][root][INFO] - ---------------------------------------------------------------
[2024-11-07 14:08:08,580][root][INFO] - Env:
CUDA_VISIBLE_DEVICES: null
PYTHONOPTIMIZE: null

[2024-11-07 14:08:08,581][root][INFO] - Command line args:
ansatz.alpha=3
[2024-11-07 14:08:08,582][root][INFO] - ---------------------------------------------------------------
[2024-11-07 14:08:08,584][root][INFO] - Run config:
device: '4'
solver_fn:
  _target_: netket.optimizer.solver.cholesky
lr: 0.001
diag_shift: 1.0e-10
n_iter: 2000
chunk_size_jac: 2
chunk_size_vmap: 1
save_every: 10
base_path: /scratch/.amisery/grad_sample/
model:
  _target_: grad_sample.models.ising.TFI
  L: 3
  h: 1.0
ansatz:
  _target_: netket.models.RBM
  alpha: 3
  param_dtype: complex
task:
  _target_: grad_sample.tasks.fullsum_analysis.FullSumPruning
  deltadep: false

[2024-11-07 14:08:08,584][root][INFO] - ---------------------------------------------------------------
[2024-11-07 14:08:13,547][jax._src.xla_bridge][INFO] - Unable to initialize backend 'rocm': module 'jaxlib.xla_extension' has no attribute 'GpuAllocatorConfig'
[2024-11-07 14:08:13,549][jax._src.xla_bridge][INFO] - Unable to initialize backend 'tpu': INTERNAL: Failed to open libtpu.so: libtpu.so: cannot open shared object file: No such file or directory
[2024-11-07 14:08:21,474][root][CRITICAL] - Error in call to target 'grad_sample.tasks.fullsum_analysis.FullSumPruning':
TypeError('JAX arrays are immutable and do not support in-place item assignment. Instead of x[idx] = y, use x = x.at[idx].set(y) or another .at[] method: https://jax.readthedocs.io/en/latest/_autosummary/jax.numpy.ndarray.at.html')
full_key: task
Traceback (most recent call last):
  File "/scratch/.amisery/netket/lib/python3.11/site-packages/hydra/_internal/instantiate/_instantiate2.py", line 92, in _call_target
    return _target_(*args, **kwargs)
           ^^^^^^^^^^^^^^^^^^^^^^^^^
  File "/home/amisery/phd/tfi_gs_samples/grad_sample/src/grad_sample/tasks/fullsum_analysis.py", line 46, in __init__
    self.delta_eval[:5] = 1e-4
    ~~~~~~~~~~~~~~~^^^^
  File "/scratch/.amisery/netket/lib/python3.11/site-packages/jax/_src/numpy/array_methods.py", line 586, in _unimplemented_setitem
    raise TypeError(msg.format(type(self)))
TypeError: JAX arrays are immutable and do not support in-place item assignment. Instead of x[idx] = y, use x = x.at[idx].set(y) or another .at[] method: https://jax.readthedocs.io/en/latest/_autosummary/jax.numpy.ndarray.at.html

The above exception was the direct cause of the following exception:

Traceback (most recent call last):
  File "/home/amisery/phd/tfi_gs_samples/grad_sample/src/grad_sample/main.py", line 49, in main
    task = instantiate(cfg.task, cfg)
           ^^^^^^^^^^^^^^^^^^^^^^^^^^
  File "/scratch/.amisery/netket/lib/python3.11/site-packages/hydra/_internal/instantiate/_instantiate2.py", line 226, in instantiate
    return instantiate_node(
           ^^^^^^^^^^^^^^^^^
  File "/scratch/.amisery/netket/lib/python3.11/site-packages/hydra/_internal/instantiate/_instantiate2.py", line 347, in instantiate_node
    return _call_target(_target_, partial, args, kwargs, full_key)
           ^^^^^^^^^^^^^^^^^^^^^^^^^^^^^^^^^^^^^^^^^^^^^^^^^^^^^^^
  File "/scratch/.amisery/netket/lib/python3.11/site-packages/hydra/_internal/instantiate/_instantiate2.py", line 97, in _call_target
    raise InstantiationException(msg) from e
hydra.errors.InstantiationException: Error in call to target 'grad_sample.tasks.fullsum_analysis.FullSumPruning':
TypeError('JAX arrays are immutable and do not support in-place item assignment. Instead of x[idx] = y, use x = x.at[idx].set(y) or another .at[] method: https://jax.readthedocs.io/en/latest/_autosummary/jax.numpy.ndarray.at.html')
full_key: task
